
Showing logs for build [32mcb-kubecd-environment-pr-120-63-b8trw-1[0m stage [32mfrom-build-pack[0m and container [32mstep-credential-initializer-2wdfb[0m
{"level":"warn","ts":1577580848.56139,"logger":"fallback-logger","caller":"logging/config.go:69","msg":"Fetch GitHub commit ID from kodata failed: \"ref: refs/heads/master\" is not a valid GitHub commit ID"}
{"level":"info","ts":1577580848.5620065,"logger":"fallback-logger","caller":"creds-init/main.go:40","msg":"Credentials initialized."}

Showing logs for build [32mcb-kubecd-environment-pr-120-63-b8trw-1[0m stage [32mfrom-build-pack[0m and container [32mstep-working-dir-initializer-xbzch[0m
{"level":"warn","ts":1577580849.4077842,"logger":"fallback-logger","caller":"logging/config.go:69","msg":"Fetch GitHub commit ID from kodata failed: open /var/run/ko/HEAD: no such file or directory"}
{"level":"info","ts":1577580849.40911,"logger":"fallback-logger","caller":"bash/main.go:65","msg":"Successfully executed command \"mkdir -p /workspace/source\""}

Showing logs for build [32mcb-kubecd-environment-pr-120-63-b8trw-1[0m stage [32mfrom-build-pack[0m and container [32mstep-place-tools[0m

Showing logs for build [32mcb-kubecd-environment-pr-120-63-b8trw-1[0m stage [32mfrom-build-pack[0m and container [32mstep-git-source-cb-kubecd-environment-pr-120-63-8tdcx[0m
{"level":"warn","ts":1577580853.4849033,"logger":"fallback-logger","caller":"logging/config.go:69","msg":"Fetch GitHub commit ID from kodata failed: \"ref: refs/heads/master\" is not a valid GitHub commit ID"}
{"level":"info","ts":1577580854.6144023,"logger":"fallback-logger","caller":"git/git.go:102","msg":"Successfully cloned https://github.com/cb-kubecd/environment-pr-120-63-gke-upgrade-production.git @ master in path /workspace/source"}

Showing logs for build [32mcb-kubecd-environment-pr-120-63-b8trw-1[0m stage [32mfrom-build-pack[0m and container [32mstep-git-merge[0m
Using SHAs from PULL_REFS=master:7fa914a093a6d934d34aa3af544391aed8d3da5b,1:1b50834fb1c53d0af9b1d066870a2efb14bec4b6
DEBUG: ran git fetch --unshallow origin 1b50834fb1c53d0af9b1d066870a2efb14bec4b6: 7fa914a093a6d934d34aa3af544391aed8d3da5b: in 
DEBUG: ran git checkout master in 
DEBUG: ran git reset --hard 7fa914a093a6d934d34aa3af544391aed8d3da5b in 
DEBUG: ran clean --force -d . in 
DEBUG: ran git merge 1b50834fb1c53d0af9b1d066870a2efb14bec4b6 in 
Merged SHA 1b50834fb1c53d0af9b1d066870a2efb14bec4b6 with commit message 'chore: Promote bdd-spring-1577580009 to version 0.0.1' into base branch master

Showing logs for build [32mcb-kubecd-environment-pr-120-63-b8trw-1[0m stage [32mfrom-build-pack[0m and container [32mstep-build-helm-build[0m
WARNING: No $CHART_REPOSITORY defined so using the default value of: http://jenkins-x-chartmuseum:8080
Adding missing Helm repo: storage.googleapis.com https://storage.googleapis.com/chartmuseum.jenkins-x.io
WARNING: No secrets found on "helm/repos" due: reading the secret "helm/repos" from vault: no secret "helm/repos" not found in vault
Read credentials for https://storage.googleapis.com/chartmuseum.jenkins-x.io from vault helm/repos
Successfully added Helm repository storage.googleapis.com.
Adding missing Helm repo: jenkins-x-chartmuseum http://jenkins-x-chartmuseum:8080
WARNING: No secrets found on "helm/repos" due: reading the secret "helm/repos" from vault: no secret "helm/repos" not found in vault
Read credentials for http://jenkins-x-chartmuseum:8080 from vault helm/repos
Successfully added Helm repository jenkins-x-chartmuseum.
WARNING: No $CHART_REPOSITORY defined so using the default value of: http://jenkins-x-chartmuseum:8080
Adding missing Helm repo: chartmuseum.jenkins-x.io http://chartmuseum.jenkins-x.io
WARNING: No secrets found on "helm/repos" due: reading the secret "helm/repos" from vault: no secret "helm/repos" not found in vault
Read credentials for http://chartmuseum.jenkins-x.io from vault helm/repos
Successfully added Helm repository chartmuseum.jenkins-x.io.
